{"/Users/td/src/github.com/Shopify/discount-app-components/config/jest-transform-style.js": {"path":"/Users/td/src/github.com/Shopify/discount-app-components/config/jest-transform-style.js","statementMap":{"0":{"start":{"line":1,"column":0},"end":{"line":1,"column":20}}},"fnMap":{},"branchMap":{},"s":{"0":1},"f":{},"b":{},"_coverageSchema":"1a1c01bbd47fc00a2c39e90264f33305004495a9","hash":"f351d17ee73b3914c065abeb141264371b3cc432"}
,"/Users/td/src/github.com/Shopify/discount-app-components/src/constants.ts": {"path":"/Users/td/src/github.com/Shopify/discount-app-components/src/constants.ts","statementMap":{"0":{"start":{"line":11,"column":38},"end":{"line":11,"column":52}},"1":{"start":{"line":32,"column":44},"end":{"line":32,"column":46}},"2":{"start":{"line":328,"column":29},"end":{"line":328,"column":44}}},"fnMap":{},"branchMap":{},"s":{"0":1,"1":1,"2":1},"f":{},"b":{},"_coverageSchema":"1a1c01bbd47fc00a2c39e90264f33305004495a9","hash":"0deef5c82691193b80a268600504c6516afa68b3"}
,"/Users/td/src/github.com/Shopify/discount-app-components/src/components/AppProvider/AppProvider.tsx": {"path":"/Users/td/src/github.com/Shopify/discount-app-components/src/components/AppProvider/AppProvider.tsx","statementMap":{"0":{"start":{"line":22,"column":37},"end":{"line":22,"column":41}},"1":{"start":{"line":25,"column":2},"end":{"line":29,"column":3}},"2":{"start":{"line":26,"column":4},"end":{"line":26,"column":64}},"3":{"start":{"line":27,"column":9},"end":{"line":29,"column":3}},"4":{"start":{"line":28,"column":4},"end":{"line":28,"column":70}},"5":{"start":{"line":31,"column":22},"end":{"line":39,"column":3}},"6":{"start":{"line":33,"column":6},"end":{"line":37,"column":8}},"7":{"start":{"line":41,"column":2},"end":{"line":45,"column":4}}},"fnMap":{"0":{"name":"AppProvider","decl":{"start":{"line":24,"column":16},"end":{"line":24,"column":27}},"loc":{"start":{"line":24,"column":53},"end":{"line":46,"column":1}},"line":24},"1":{"name":"(anonymous_1)","decl":{"start":{"line":32,"column":4},"end":{"line":32,"column":5}},"loc":{"start":{"line":33,"column":6},"end":{"line":37,"column":8}},"line":33}},"branchMap":{"0":{"loc":{"start":{"line":25,"column":2},"end":{"line":29,"column":3}},"type":"if","locations":[{"start":{"line":25,"column":2},"end":{"line":29,"column":3}},{"start":{"line":27,"column":9},"end":{"line":29,"column":3}}],"line":25},"1":{"loc":{"start":{"line":27,"column":9},"end":{"line":29,"column":3}},"type":"if","locations":[{"start":{"line":27,"column":9},"end":{"line":29,"column":3}},{"start":{},"end":{}}],"line":27}},"s":{"0":1,"1":9,"2":0,"3":9,"4":0,"5":9,"6":9,"7":9},"f":{"0":9,"1":9},"b":{"0":[0,9],"1":[0,9]},"_coverageSchema":"1a1c01bbd47fc00a2c39e90264f33305004495a9","hash":"c5d30fb1502f3640811a9ee5f0f5974c611bbf4c"}
,"/Users/td/src/github.com/Shopify/discount-app-components/src/components/AppProvider/index.ts": {"path":"/Users/td/src/github.com/Shopify/discount-app-components/src/components/AppProvider/index.ts","statementMap":{},"fnMap":{},"branchMap":{},"s":{},"f":{},"b":{},"_coverageSchema":"1a1c01bbd47fc00a2c39e90264f33305004495a9","hash":"7889d0ebc65831e1eefbccb29cca46f9b6e45e6f"}
,"/Users/td/src/github.com/Shopify/discount-app-components/src/components/AppProvider/components/index.ts": {"path":"/Users/td/src/github.com/Shopify/discount-app-components/src/components/AppProvider/components/index.ts","statementMap":{},"fnMap":{},"branchMap":{},"s":{},"f":{},"b":{},"_coverageSchema":"1a1c01bbd47fc00a2c39e90264f33305004495a9","hash":"e78d8d851fb51029bd271750e0c353c9758aa140"}
,"/Users/td/src/github.com/Shopify/discount-app-components/src/components/AppProvider/components/DiscountsI18nProvider/DiscountsI18nProvider.tsx": {"path":"/Users/td/src/github.com/Shopify/discount-app-components/src/components/AppProvider/components/DiscountsI18nProvider/DiscountsI18nProvider.tsx","statementMap":{"0":{"start":{"line":6,"column":32},"end":{"line":20,"column":4}},"1":{"start":{"line":10,"column":6},"end":{"line":18,"column":9}},"2":{"start":{"line":13,"column":8},"end":{"line":15,"column":9}},"3":{"start":{"line":14,"column":10},"end":{"line":14,"column":27}},"4":{"start":{"line":17,"column":8},"end":{"line":17,"column":34}},"5":{"start":{"line":22,"column":2},"end":{"line":22,"column":59}}},"fnMap":{"0":{"name":"DiscountsI18nProvider","decl":{"start":{"line":5,"column":16},"end":{"line":5,"column":37}},"loc":{"start":{"line":5,"column":79},"end":{"line":23,"column":1}},"line":5},"1":{"name":"(anonymous_1)","decl":{"start":{"line":9,"column":4},"end":{"line":9,"column":5}},"loc":{"start":{"line":9,"column":31},"end":{"line":19,"column":5}},"line":9},"2":{"name":"(anonymous_2)","decl":{"start":{"line":12,"column":13},"end":{"line":12,"column":14}},"loc":{"start":{"line":12,"column":29},"end":{"line":18,"column":7}},"line":12}},"branchMap":{"0":{"loc":{"start":{"line":13,"column":8},"end":{"line":15,"column":9}},"type":"if","locations":[{"start":{"line":13,"column":8},"end":{"line":15,"column":9}},{"start":{},"end":{}}],"line":13}},"s":{"0":9,"1":9,"2":0,"3":0,"4":0,"5":9},"f":{"0":9,"1":9,"2":0},"b":{"0":[0,0]},"_coverageSchema":"1a1c01bbd47fc00a2c39e90264f33305004495a9","hash":"ffa6b082d3f55fba8eafe6ddde083350914087dc"}
,"/Users/td/src/github.com/Shopify/discount-app-components/src/components/AppProvider/components/DiscountsI18nProvider/index.ts": {"path":"/Users/td/src/github.com/Shopify/discount-app-components/src/components/AppProvider/components/DiscountsI18nProvider/index.ts","statementMap":{},"fnMap":{},"branchMap":{},"s":{},"f":{},"b":{},"_coverageSchema":"1a1c01bbd47fc00a2c39e90264f33305004495a9","hash":"2cb88cba787c6515eb95582e17d6fddc3fca5c15"}
,"/Users/td/src/github.com/Shopify/discount-app-components/src/components/AppliesTo/AppliesTo.tsx": {"path":"/Users/td/src/github.com/Shopify/discount-app-components/src/components/AppliesTo/AppliesTo.tsx","statementMap":{"0":{"start":{"line":27,"column":17},"end":{"line":27,"column":26}},"1":{"start":{"line":28,"column":2},"end":{"line":34,"column":57}},"2":{"start":{"line":29,"column":4},"end":{"line":33,"column":5}},"3":{"start":{"line":30,"column":6},"end":{"line":30,"column":61}},"4":{"start":{"line":31,"column":11},"end":{"line":33,"column":5}},"5":{"start":{"line":32,"column":6},"end":{"line":32,"column":58}},"6":{"start":{"line":35,"column":2},"end":{"line":109,"column":4}},"7":{"start":{"line":65,"column":16},"end":{"line":65,"column":47}},"8":{"start":{"line":75,"column":59},"end":{"line":75,"column":63}},"9":{"start":{"line":77,"column":20},"end":{"line":77,"column":43}},"10":{"start":{"line":80,"column":20},"end":{"line":82,"column":21}},"11":{"start":{"line":81,"column":59},"end":{"line":81,"column":77}},"12":{"start":{"line":93,"column":59},"end":{"line":93,"column":63}},"13":{"start":{"line":95,"column":20},"end":{"line":95,"column":43}},"14":{"start":{"line":98,"column":20},"end":{"line":100,"column":21}},"15":{"start":{"line":99,"column":59},"end":{"line":99,"column":77}}},"fnMap":{"0":{"name":"AppliesTo","decl":{"start":{"line":21,"column":16},"end":{"line":21,"column":25}},"loc":{"start":{"line":26,"column":19},"end":{"line":110,"column":1}},"line":26},"1":{"name":"(anonymous_1)","decl":{"start":{"line":28,"column":12},"end":{"line":28,"column":13}},"loc":{"start":{"line":28,"column":18},"end":{"line":34,"column":3}},"line":28},"2":{"name":"(anonymous_2)","decl":{"start":{"line":64,"column":24},"end":{"line":64,"column":25}},"loc":{"start":{"line":65,"column":16},"end":{"line":65,"column":47}},"line":65},"3":{"name":"(anonymous_3)","decl":{"start":{"line":75,"column":49},"end":{"line":75,"column":50}},"loc":{"start":{"line":75,"column":59},"end":{"line":75,"column":63}},"line":75},"4":{"name":"(anonymous_4)","decl":{"start":{"line":76,"column":30},"end":{"line":76,"column":31}},"loc":{"start":{"line":77,"column":20},"end":{"line":77,"column":43}},"line":77},"5":{"name":"(anonymous_5)","decl":{"start":{"line":79,"column":32},"end":{"line":79,"column":33}},"loc":{"start":{"line":80,"column":20},"end":{"line":82,"column":21}},"line":80},"6":{"name":"(anonymous_6)","decl":{"start":{"line":81,"column":49},"end":{"line":81,"column":50}},"loc":{"start":{"line":81,"column":59},"end":{"line":81,"column":77}},"line":81},"7":{"name":"(anonymous_7)","decl":{"start":{"line":93,"column":49},"end":{"line":93,"column":50}},"loc":{"start":{"line":93,"column":59},"end":{"line":93,"column":63}},"line":93},"8":{"name":"(anonymous_8)","decl":{"start":{"line":94,"column":30},"end":{"line":94,"column":31}},"loc":{"start":{"line":95,"column":20},"end":{"line":95,"column":43}},"line":95},"9":{"name":"(anonymous_9)","decl":{"start":{"line":97,"column":32},"end":{"line":97,"column":33}},"loc":{"start":{"line":98,"column":20},"end":{"line":100,"column":21}},"line":98},"10":{"name":"(anonymous_10)","decl":{"start":{"line":99,"column":49},"end":{"line":99,"column":50}},"loc":{"start":{"line":99,"column":59},"end":{"line":99,"column":77}},"line":99}},"branchMap":{"0":{"loc":{"start":{"line":29,"column":4},"end":{"line":33,"column":5}},"type":"if","locations":[{"start":{"line":29,"column":4},"end":{"line":33,"column":5}},{"start":{"line":31,"column":11},"end":{"line":33,"column":5}}],"line":29},"1":{"loc":{"start":{"line":31,"column":11},"end":{"line":33,"column":5}},"type":"if","locations":[{"start":{"line":31,"column":11},"end":{"line":33,"column":5}},{"start":{},"end":{}}],"line":31},"2":{"loc":{"start":{"line":37,"column":7},"end":{"line":107,"column":14}},"type":"cond-expr","locations":[{"start":{"line":38,"column":8},"end":{"line":106,"column":14}},{"start":{"line":107,"column":10},"end":{"line":107,"column":14}}],"line":37},"3":{"loc":{"start":{"line":37,"column":7},"end":{"line":37,"column":44}},"type":"binary-expr","locations":[{"start":{"line":37,"column":7},"end":{"line":37,"column":22}},{"start":{"line":37,"column":26},"end":{"line":37,"column":44}}],"line":37},"4":{"loc":{"start":{"line":47,"column":24},"end":{"line":47,"column":63}},"type":"binary-expr","locations":[{"start":{"line":47,"column":24},"end":{"line":47,"column":40}},{"start":{"line":47,"column":44},"end":{"line":47,"column":63}}],"line":47},"5":{"loc":{"start":{"line":69,"column":13},"end":{"line":86,"column":13}},"type":"binary-expr","locations":[{"start":{"line":69,"column":13},"end":{"line":69,"column":64}},{"start":{"line":70,"column":14},"end":{"line":85,"column":17}}],"line":69},"6":{"loc":{"start":{"line":87,"column":13},"end":{"line":104,"column":13}},"type":"binary-expr","locations":[{"start":{"line":87,"column":13},"end":{"line":87,"column":67}},{"start":{"line":88,"column":14},"end":{"line":103,"column":17}}],"line":87}},"s":{"0":9,"1":9,"2":9,"3":2,"4":7,"5":2,"6":9,"7":2,"8":20,"9":20,"10":1,"11":5,"12":20,"13":20,"14":1,"15":5},"f":{"0":9,"1":9,"2":2,"3":20,"4":20,"5":1,"6":5,"7":20,"8":20,"9":1,"10":5},"b":{"0":[2,7],"1":[2,5],"2":[8,1],"3":[9,2],"4":[8,7],"5":[8,4],"6":[8,4]},"_coverageSchema":"1a1c01bbd47fc00a2c39e90264f33305004495a9","hash":"6c3d9ba202680cdfe5ba05a5a2e67d9704ee8e23"}
,"/Users/td/src/github.com/Shopify/discount-app-components/src/components/DiscountAppComponentsTestProvider/DiscountAppComponentsTestProvider.tsx": {"path":"/Users/td/src/github.com/Shopify/discount-app-components/src/components/DiscountAppComponentsTestProvider/DiscountAppComponentsTestProvider.tsx","statementMap":{"0":{"start":{"line":22,"column":23},"end":{"line":22,"column":30}},"1":{"start":{"line":23,"column":30},"end":{"line":23,"column":51}},"2":{"start":{"line":30,"column":18},"end":{"line":30,"column":54}},"3":{"start":{"line":32,"column":2},"end":{"line":45,"column":4}}},"fnMap":{"0":{"name":"DiscountAppComponentsTestProvider","decl":{"start":{"line":25,"column":16},"end":{"line":25,"column":49}},"loc":{"start":{"line":29,"column":2},"end":{"line":46,"column":1}},"line":29}},"branchMap":{"0":{"loc":{"start":{"line":30,"column":18},"end":{"line":30,"column":54}},"type":"cond-expr","locations":[{"start":{"line":30,"column":33},"end":{"line":30,"column":43}},{"start":{"line":30,"column":46},"end":{"line":30,"column":54}}],"line":30},"1":{"loc":{"start":{"line":36,"column":18},"end":{"line":36,"column":48}},"type":"binary-expr","locations":[{"start":{"line":36,"column":18},"end":{"line":36,"column":30}},{"start":{"line":36,"column":34},"end":{"line":36,"column":48}}],"line":36},"2":{"loc":{"start":{"line":37,"column":24},"end":{"line":37,"column":67}},"type":"binary-expr","locations":[{"start":{"line":37,"column":24},"end":{"line":37,"column":42}},{"start":{"line":37,"column":46},"end":{"line":37,"column":67}}],"line":37}},"s":{"0":1,"1":1,"2":9,"3":9},"f":{"0":9},"b":{"0":[0,9],"1":[9,9],"2":[9,9]},"_coverageSchema":"1a1c01bbd47fc00a2c39e90264f33305004495a9","hash":"860ddb3991d4b6be6746a7d102a4495afd58e27d"}
,"/Users/td/src/github.com/Shopify/discount-app-components/src/components/DiscountAppComponentsTestProvider/index.ts": {"path":"/Users/td/src/github.com/Shopify/discount-app-components/src/components/DiscountAppComponentsTestProvider/index.ts","statementMap":{},"fnMap":{},"branchMap":{},"s":{},"f":{},"b":{},"_coverageSchema":"1a1c01bbd47fc00a2c39e90264f33305004495a9","hash":"65039fd930d0a5ad5ed26521e2eeb632e58d4bc5"}
,"/Users/td/src/github.com/Shopify/discount-app-components/src/components/SelectedItemsList/SelectedItemsList.tsx": {"path":"/Users/td/src/github.com/Shopify/discount-app-components/src/components/SelectedItemsList/SelectedItemsList.tsx","statementMap":{"0":{"start":{"line":21,"column":2},"end":{"line":34,"column":4}},"1":{"start":{"line":24,"column":8},"end":{"line":31,"column":10}},"2":{"start":{"line":27,"column":50},"end":{"line":27,"column":71}}},"fnMap":{"0":{"name":"SelectedItemsList","decl":{"start":{"line":16,"column":16},"end":{"line":16,"column":33}},"loc":{"start":{"line":20,"column":33},"end":{"line":35,"column":1}},"line":20},"1":{"name":"(anonymous_1)","decl":{"start":{"line":23,"column":17},"end":{"line":23,"column":18}},"loc":{"start":{"line":23,"column":27},"end":{"line":32,"column":7}},"line":23},"2":{"name":"(anonymous_2)","decl":{"start":{"line":27,"column":44},"end":{"line":27,"column":45}},"loc":{"start":{"line":27,"column":50},"end":{"line":27,"column":71}},"line":27}},"branchMap":{"0":{"loc":{"start":{"line":27,"column":17},"end":{"line":27,"column":72}},"type":"binary-expr","locations":[{"start":{"line":27,"column":17},"end":{"line":27,"column":29}},{"start":{"line":27,"column":33},"end":{"line":27,"column":72}}],"line":27}},"s":{"0":8,"1":40,"2":0},"f":{"0":8,"1":40,"2":0},"b":{"0":[40,40]},"_coverageSchema":"1a1c01bbd47fc00a2c39e90264f33305004495a9","hash":"4b11cbee0f6f30c7510e71f6baca171feb29e4f5"}
,"/Users/td/src/github.com/Shopify/discount-app-components/src/components/SelectedItemsList/index.tsx": {"path":"/Users/td/src/github.com/Shopify/discount-app-components/src/components/SelectedItemsList/index.tsx","statementMap":{},"fnMap":{},"branchMap":{},"s":{},"f":{},"b":{},"_coverageSchema":"1a1c01bbd47fc00a2c39e90264f33305004495a9","hash":"cc1fa92914d68347a71ab4975e845ad14c957e5a"}
,"/Users/td/src/github.com/Shopify/discount-app-components/src/components/SelectedItemsList/components/index.ts": {"path":"/Users/td/src/github.com/Shopify/discount-app-components/src/components/SelectedItemsList/components/index.ts","statementMap":{},"fnMap":{},"branchMap":{},"s":{},"f":{},"b":{},"_coverageSchema":"1a1c01bbd47fc00a2c39e90264f33305004495a9","hash":"53799ca5a5417035430a6970e3448c9a8c590ece"}
,"/Users/td/src/github.com/Shopify/discount-app-components/src/components/SelectedItemsList/components/Item/Item.tsx": {"path":"/Users/td/src/github.com/Shopify/discount-app-components/src/components/SelectedItemsList/components/Item/Item.tsx","statementMap":{"0":{"start":{"line":13,"column":2},"end":{"line":22,"column":4}},"1":{"start":{"line":18,"column":63},"end":{"line":18,"column":73}}},"fnMap":{"0":{"name":"Item","decl":{"start":{"line":12,"column":16},"end":{"line":12,"column":20}},"loc":{"start":{"line":12,"column":50},"end":{"line":23,"column":1}},"line":12},"1":{"name":"(anonymous_1)","decl":{"start":{"line":18,"column":57},"end":{"line":18,"column":58}},"loc":{"start":{"line":18,"column":63},"end":{"line":18,"column":73}},"line":18}},"branchMap":{"0":{"loc":{"start":{"line":16,"column":7},"end":{"line":20,"column":7}},"type":"binary-expr","locations":[{"start":{"line":16,"column":7},"end":{"line":16,"column":15}},{"start":{"line":17,"column":8},"end":{"line":19,"column":14}}],"line":16}},"s":{"0":40,"1":0},"f":{"0":40,"1":0},"b":{"0":[40,40]},"_coverageSchema":"1a1c01bbd47fc00a2c39e90264f33305004495a9","hash":"685b6f4a07618822272e6186a54a782c20cad896"}
,"/Users/td/src/github.com/Shopify/discount-app-components/src/components/SelectedItemsList/components/Item/index.ts": {"path":"/Users/td/src/github.com/Shopify/discount-app-components/src/components/SelectedItemsList/components/Item/index.ts","statementMap":{},"fnMap":{},"branchMap":{},"s":{},"f":{},"b":{},"_coverageSchema":"1a1c01bbd47fc00a2c39e90264f33305004495a9","hash":"e622f9ea36d5d2e87fa1fab50c2887d3fccad9e4"}
,"/Users/td/src/github.com/Shopify/discount-app-components/src/data/collections.ts": {"path":"/Users/td/src/github.com/Shopify/discount-app-components/src/data/collections.ts","statementMap":{"0":{"start":{"line":1,"column":39},"end":{"line":22,"column":1}}},"fnMap":{},"branchMap":{},"s":{"0":1},"f":{},"b":{},"_coverageSchema":"1a1c01bbd47fc00a2c39e90264f33305004495a9","hash":"f22e62039bc442a63dcdd1582aab4c79689a2c4f"}
,"/Users/td/src/github.com/Shopify/discount-app-components/src/data/customer-segments.ts": {"path":"/Users/td/src/github.com/Shopify/discount-app-components/src/data/customer-segments.ts","statementMap":{"0":{"start":{"line":1,"column":45},"end":{"line":10,"column":1}}},"fnMap":{},"branchMap":{},"s":{"0":1},"f":{},"b":{},"_coverageSchema":"1a1c01bbd47fc00a2c39e90264f33305004495a9","hash":"3d51f3ec61d810bad6fc9404bab53ad8f79e74c6"}
,"/Users/td/src/github.com/Shopify/discount-app-components/src/data/customers.ts": {"path":"/Users/td/src/github.com/Shopify/discount-app-components/src/data/customers.ts","statementMap":{"0":{"start":{"line":1,"column":37},"end":{"line":17,"column":1}}},"fnMap":{},"branchMap":{},"s":{"0":1},"f":{},"b":{},"_coverageSchema":"1a1c01bbd47fc00a2c39e90264f33305004495a9","hash":"36ce58acd159d4d000163743627e73ba5136f41e"}
,"/Users/td/src/github.com/Shopify/discount-app-components/src/data/index.ts": {"path":"/Users/td/src/github.com/Shopify/discount-app-components/src/data/index.ts","statementMap":{},"fnMap":{},"branchMap":{},"s":{},"f":{},"b":{},"_coverageSchema":"1a1c01bbd47fc00a2c39e90264f33305004495a9","hash":"7a2ff5daa037e9f8f08ca92b65c05fef30c48092"}
,"/Users/td/src/github.com/Shopify/discount-app-components/src/data/products.ts": {"path":"/Users/td/src/github.com/Shopify/discount-app-components/src/data/products.ts","statementMap":{"0":{"start":{"line":1,"column":36},"end":{"line":22,"column":1}}},"fnMap":{},"branchMap":{},"s":{"0":1},"f":{},"b":{},"_coverageSchema":"1a1c01bbd47fc00a2c39e90264f33305004495a9","hash":"34e5e80fd4418d8872a7d4347eb6a3671f585b19"}
,"/Users/td/src/github.com/Shopify/discount-app-components/tests/setup/matchers/index.ts": {"path":"/Users/td/src/github.com/Shopify/discount-app-components/tests/setup/matchers/index.ts","statementMap":{"0":{"start":{"line":13,"column":0},"end":{"line":13,"column":30}}},"fnMap":{},"branchMap":{},"s":{"0":1},"f":{},"b":{},"_coverageSchema":"1a1c01bbd47fc00a2c39e90264f33305004495a9","hash":"3fb56f4217b4671e9092a7a8fae18babdef7be52"}
,"/Users/td/src/github.com/Shopify/discount-app-components/tests/setup/matchers/props.ts": {"path":"/Users/td/src/github.com/Shopify/discount-app-components/tests/setup/matchers/props.ts","statementMap":{"0":{"start":{"line":5,"column":15},"end":{"line":5,"column":49}},"1":{"start":{"line":7,"column":2},"end":{"line":14,"column":4}},"2":{"start":{"line":10,"column":6},"end":{"line":12,"column":73}}},"fnMap":{"0":{"name":"toBeDisabled","decl":{"start":{"line":4,"column":16},"end":{"line":4,"column":28}},"loc":{"start":{"line":4,"column":50},"end":{"line":15,"column":1}},"line":4},"1":{"name":"(anonymous_1)","decl":{"start":{"line":9,"column":4},"end":{"line":9,"column":5}},"loc":{"start":{"line":9,"column":14},"end":{"line":13,"column":5}},"line":9}},"branchMap":{"0":{"loc":{"start":{"line":10,"column":13},"end":{"line":12,"column":72}},"type":"cond-expr","locations":[{"start":{"line":11,"column":10},"end":{"line":11,"column":75}},{"start":{"line":12,"column":10},"end":{"line":12,"column":72}}],"line":10}},"s":{"0":0,"1":0,"2":0},"f":{"0":0,"1":0},"b":{"0":[0,0]},"_coverageSchema":"1a1c01bbd47fc00a2c39e90264f33305004495a9","hash":"14b783026f35e77b3b9d761a050f3bcbd29ff3db"}
,"/Users/td/src/github.com/Shopify/discount-app-components/tests/utilities/index.ts": {"path":"/Users/td/src/github.com/Shopify/discount-app-components/tests/utilities/index.ts","statementMap":{},"fnMap":{},"branchMap":{},"s":{},"f":{},"b":{},"_coverageSchema":"1a1c01bbd47fc00a2c39e90264f33305004495a9","hash":"f63d66225a6ccba381f7cde705a4bcd8763f6445"}
,"/Users/td/src/github.com/Shopify/discount-app-components/tests/utilities/react-testing.tsx": {"path":"/Users/td/src/github.com/Shopify/discount-app-components/tests/utilities/react-testing.tsx","statementMap":{"0":{"start":{"line":18,"column":0},"end":{"line":21,"column":4}},"1":{"start":{"line":18,"column":37},"end":{"line":21,"column":1}},"2":{"start":{"line":20,"column":49},"end":{"line":20,"column":70}},"3":{"start":{"line":23,"column":28},"end":{"line":41,"column":29}},"4":{"start":{"line":27,"column":2},"end":{"line":41,"column":29}},"5":{"start":{"line":32,"column":6},"end":{"line":32,"column":21}},"6":{"start":{"line":35,"column":6},"end":{"line":39,"column":8}},"7":{"start":{"line":47,"column":2},"end":{"line":53,"column":4}}},"fnMap":{"0":{"name":"(anonymous_0)","decl":{"start":{"line":18,"column":30},"end":{"line":18,"column":31}},"loc":{"start":{"line":18,"column":37},"end":{"line":21,"column":1}},"line":18},"1":{"name":"(anonymous_1)","decl":{"start":{"line":20,"column":9},"end":{"line":20,"column":10}},"loc":{"start":{"line":20,"column":49},"end":{"line":20,"column":70}},"line":20},"2":{"name":"(anonymous_2)","decl":{"start":{"line":23,"column":28},"end":{"line":23,"column":29}},"loc":{"start":{"line":27,"column":2},"end":{"line":41,"column":29}},"line":27},"3":{"name":"(anonymous_3)","decl":{"start":{"line":31,"column":4},"end":{"line":31,"column":5}},"loc":{"start":{"line":31,"column":21},"end":{"line":33,"column":5}},"line":31},"4":{"name":"(anonymous_4)","decl":{"start":{"line":34,"column":4},"end":{"line":34,"column":5}},"loc":{"start":{"line":34,"column":70},"end":{"line":40,"column":5}},"line":34},"5":{"name":"mockField","decl":{"start":{"line":43,"column":16},"end":{"line":43,"column":25}},"loc":{"start":{"line":46,"column":2},"end":{"line":54,"column":1}},"line":46}},"branchMap":{"0":{"loc":{"start":{"line":44,"column":2},"end":{"line":44,"column":22}},"type":"default-arg","locations":[{"start":{"line":44,"column":13},"end":{"line":44,"column":22}}],"line":44},"1":{"loc":{"start":{"line":45,"column":2},"end":{"line":45,"column":35}},"type":"default-arg","locations":[{"start":{"line":45,"column":33},"end":{"line":45,"column":35}}],"line":45}},"s":{"0":1,"1":1,"2":0,"3":1,"4":9,"5":9,"6":9,"7":14},"f":{"0":1,"1":0,"2":9,"3":9,"4":9,"5":14},"b":{"0":[0],"1":[14]},"_coverageSchema":"1a1c01bbd47fc00a2c39e90264f33305004495a9","hash":"5fa76c3e2319101fd78d49d37ab373ad92d0996a"}
}
