TN:
SF:config/jest-transform-style.js
FNF:0
FNH:0
DA:1,1
LF:1
LH:1
BRF:0
BRH:0
end_of_record
TN:
SF:src/constants.ts
FNF:0
FNH:0
DA:11,1
DA:32,1
DA:328,1
LF:3
LH:3
BRF:0
BRH:0
end_of_record
TN:
SF:src/components/AppProvider/AppProvider.tsx
FN:24,AppProvider
FN:32,(anonymous_1)
FNF:2
FNH:2
FNDA:9,AppProvider
FNDA:9,(anonymous_1)
DA:22,1
DA:25,9
DA:26,0
DA:27,9
DA:28,0
DA:31,9
DA:33,9
DA:41,9
LF:8
LH:6
BRDA:25,0,0,0
BRDA:25,0,1,9
BRDA:27,1,0,0
BRDA:27,1,1,9
BRF:4
BRH:2
end_of_record
TN:
SF:src/components/AppProvider/index.ts
FNF:0
FNH:0
LF:0
LH:0
BRF:0
BRH:0
end_of_record
TN:
SF:src/components/AppProvider/components/index.ts
FNF:0
FNH:0
LF:0
LH:0
BRF:0
BRH:0
end_of_record
TN:
SF:src/components/AppProvider/components/DiscountsI18nProvider/DiscountsI18nProvider.tsx
FN:5,DiscountsI18nProvider
FN:9,(anonymous_1)
FN:12,(anonymous_2)
FNF:3
FNH:2
FNDA:9,DiscountsI18nProvider
FNDA:9,(anonymous_1)
FNDA:0,(anonymous_2)
DA:6,9
DA:10,9
DA:13,0
DA:14,0
DA:17,0
DA:22,9
LF:6
LH:3
BRDA:13,0,0,0
BRDA:13,0,1,0
BRF:2
BRH:0
end_of_record
TN:
SF:src/components/AppProvider/components/DiscountsI18nProvider/index.ts
FNF:0
FNH:0
LF:0
LH:0
BRF:0
BRH:0
end_of_record
TN:
SF:src/components/AppliesTo/AppliesTo.tsx
FN:21,AppliesTo
FN:28,(anonymous_1)
FN:64,(anonymous_2)
FN:75,(anonymous_3)
FN:76,(anonymous_4)
FN:79,(anonymous_5)
FN:81,(anonymous_6)
FN:93,(anonymous_7)
FN:94,(anonymous_8)
FN:97,(anonymous_9)
FN:99,(anonymous_10)
FNF:11
FNH:11
FNDA:9,AppliesTo
FNDA:9,(anonymous_1)
FNDA:2,(anonymous_2)
FNDA:20,(anonymous_3)
FNDA:20,(anonymous_4)
FNDA:1,(anonymous_5)
FNDA:5,(anonymous_6)
FNDA:20,(anonymous_7)
FNDA:20,(anonymous_8)
FNDA:1,(anonymous_9)
FNDA:5,(anonymous_10)
DA:27,9
DA:28,9
DA:29,9
DA:30,2
DA:31,7
DA:32,2
DA:35,9
DA:65,2
DA:75,20
DA:77,20
DA:80,1
DA:81,5
DA:93,20
DA:95,20
DA:98,1
DA:99,5
LF:16
LH:16
BRDA:29,0,0,2
BRDA:29,0,1,7
BRDA:31,1,0,2
BRDA:31,1,1,5
BRDA:37,2,0,8
BRDA:37,2,1,1
BRDA:37,3,0,9
BRDA:37,3,1,2
BRDA:47,4,0,8
BRDA:47,4,1,7
BRDA:69,5,0,8
BRDA:69,5,1,4
BRDA:87,6,0,8
BRDA:87,6,1,4
BRF:14
BRH:14
end_of_record
TN:
SF:src/components/DiscountAppComponentsTestProvider/DiscountAppComponentsTestProvider.tsx
FN:25,DiscountAppComponentsTestProvider
FNF:1
FNH:1
FNDA:9,DiscountAppComponentsTestProvider
DA:22,1
DA:23,1
DA:30,9
DA:32,9
LF:4
LH:4
BRDA:30,0,0,0
BRDA:30,0,1,9
BRDA:36,1,0,9
BRDA:36,1,1,9
BRDA:37,2,0,9
BRDA:37,2,1,9
BRF:6
BRH:5
end_of_record
TN:
SF:src/components/DiscountAppComponentsTestProvider/index.ts
FNF:0
FNH:0
LF:0
LH:0
BRF:0
BRH:0
end_of_record
TN:
SF:src/components/SelectedItemsList/SelectedItemsList.tsx
FN:16,SelectedItemsList
FN:23,(anonymous_1)
FN:27,(anonymous_2)
FNF:3
FNH:2
FNDA:8,SelectedItemsList
FNDA:40,(anonymous_1)
FNDA:0,(anonymous_2)
DA:21,8
DA:24,40
DA:27,0
LF:3
LH:2
BRDA:27,0,0,40
BRDA:27,0,1,40
BRF:2
BRH:2
end_of_record
TN:
SF:src/components/SelectedItemsList/index.tsx
FNF:0
FNH:0
LF:0
LH:0
BRF:0
BRH:0
end_of_record
TN:
SF:src/components/SelectedItemsList/components/index.ts
FNF:0
FNH:0
LF:0
LH:0
BRF:0
BRH:0
end_of_record
TN:
SF:src/components/SelectedItemsList/components/Item/Item.tsx
FN:12,Item
FN:18,(anonymous_1)
FNF:2
FNH:1
FNDA:40,Item
FNDA:0,(anonymous_1)
DA:13,40
DA:18,0
LF:2
LH:1
BRDA:16,0,0,40
BRDA:16,0,1,40
BRF:2
BRH:2
end_of_record
TN:
SF:src/components/SelectedItemsList/components/Item/index.ts
FNF:0
FNH:0
LF:0
LH:0
BRF:0
BRH:0
end_of_record
TN:
SF:src/data/collections.ts
FNF:0
FNH:0
DA:1,1
LF:1
LH:1
BRF:0
BRH:0
end_of_record
TN:
SF:src/data/customer-segments.ts
FNF:0
FNH:0
DA:1,1
LF:1
LH:1
BRF:0
BRH:0
end_of_record
TN:
SF:src/data/customers.ts
FNF:0
FNH:0
DA:1,1
LF:1
LH:1
BRF:0
BRH:0
end_of_record
TN:
SF:src/data/index.ts
FNF:0
FNH:0
LF:0
LH:0
BRF:0
BRH:0
end_of_record
TN:
SF:src/data/products.ts
FNF:0
FNH:0
DA:1,1
LF:1
LH:1
BRF:0
BRH:0
end_of_record
TN:
SF:tests/setup/matchers/index.ts
FNF:0
FNH:0
DA:13,1
LF:1
LH:1
BRF:0
BRH:0
end_of_record
TN:
SF:tests/setup/matchers/props.ts
FN:4,toBeDisabled
FN:9,(anonymous_1)
FNF:2
FNH:0
FNDA:0,toBeDisabled
FNDA:0,(anonymous_1)
DA:5,0
DA:7,0
DA:10,0
LF:3
LH:0
BRDA:10,0,0,0
BRDA:10,0,1,0
BRF:2
BRH:0
end_of_record
TN:
SF:tests/utilities/index.ts
FNF:0
FNH:0
LF:0
LH:0
BRF:0
BRH:0
end_of_record
TN:
SF:tests/utilities/react-testing.tsx
FN:18,(anonymous_0)
FN:20,(anonymous_1)
FN:23,(anonymous_2)
FN:31,(anonymous_3)
FN:34,(anonymous_4)
FN:43,mockField
FNF:6
FNH:5
FNDA:1,(anonymous_0)
FNDA:0,(anonymous_1)
FNDA:9,(anonymous_2)
FNDA:9,(anonymous_3)
FNDA:9,(anonymous_4)
FNDA:14,mockField
DA:18,1
DA:20,0
DA:23,1
DA:27,9
DA:32,9
DA:35,9
DA:47,14
LF:7
LH:6
BRDA:44,0,0,0
BRDA:45,1,0,14
BRF:2
BRH:1
end_of_record
